<?xml version="1.0" encoding="UTF-8"?>
<testng-results ignored="0" total="1" passed="1" failed="0" skipped="0">
  <reporter-output>
  </reporter-output>
  <suite started-at="2022-06-05T07:13:16Z" name="Default suite" finished-at="2022-06-05T07:13:22Z" duration-ms="6328">
    <groups>
    </groups>
    <test started-at="2022-06-05T07:13:16Z" name="Default test" finished-at="2022-06-05T07:13:22Z" duration-ms="6328">
      <class name="API_Chaining.EndToEnd_Project">
        <test-method signature="TestCase()[pri:0, instance:API_Chaining.EndToEnd_Project@57576994]" started-at="2022-06-05T07:13:16Z" name="TestCase" finished-at="2022-06-05T07:13:22Z" duration-ms="6290" status="PASS">
          <reporter-output>
          </reporter-output>
        </test-method> <!-- TestCase -->
      </class> <!-- API_Chaining.EndToEnd_Project -->
    </test> <!-- Default test -->
  </suite> <!-- Default suite -->
</testng-results>
